<?xml version="1.0" encoding="UTF-8" ?>
<testsuite errors="0" failures="0" hostname="XiaoCaseLand" name="sunweb.B.Test2" skipped="0" tests="1" time="1.462" timestamp="2017-09-15T17:50:40">
  <properties>
    <property name="java.vendor" value="Oracle Corporation" />
    <property name="env.USERDOMAIN_ROAMINGPROFILE" value="XiaoCaseLand" />
    <property name="sun.java.launcher" value="SUN_STANDARD" />
    <property name="sun.management.compiler" value="HotSpot 64-Bit Tiered Compilers" />
    <property name="env.PROMPT" value="$P$G" />
    <property name="os.name" value="Windows 10" />
    <property name="env.FP_NO_HOST_CHECK" value="NO" />
    <property name="sun.boot.class.path" value="D:\createworld\Java\jre\lib\resources.jar;D:\createworld\Java\jre\lib\rt.jar;D:\createworld\Java\jre\lib\sunrsasign.jar;D:\createworld\Java\jre\lib\jsse.jar;D:\createworld\Java\jre\lib\jce.jar;D:\createworld\Java\jre\lib\charsets.jar;D:\createworld\Java\jre\lib\jfr.jar;D:\createworld\Java\jre\classes" />
    <property name="env.COMPUTERNAME" value="XIAOCASELAND" />
    <property name="env.CommonProgramW6432" value="C:\Program Files\Common Files" />
    <property name="env.ALLUSERSPROFILE" value="C:\ProgramData" />
    <property name="sun.desktop" value="windows" />
    <property name="java.vm.specification.vendor" value="Oracle Corporation" />
    <property name="ant.home" value="D:\createworld\apache-ant-1.10.1\bin\.." />
    <property name="ant.file.type.SunWB.1" value="file" />
    <property name="java.runtime.version" value="1.8.0_101-b13" />
    <property name="env.HOMEPATH" value="\Users\XiaoCase" />
    <property name="user.name" value="XiaoCase" />
    <property name="user.language" value="zh" />
    <property name="env.windows_tracing_flags" value="3" />
    <property name="env.SBT_HOME" value="D:\createworld\sbt\" />
    <property name="sun.boot.library.path" value="D:\createworld\Java\jre\bin" />
    <property name="ant.project.default-target" value="build" />
    <property name="ant.project.name" value="SunWB.1" />
    <property name="java.version" value="1.8.0_101" />
    <property name="env.PROCESSOR_IDENTIFIER" value="Intel64 Family 6 Model 58 Stepping 9, GenuineIntel" />
    <property name="user.timezone" value="" />
    <property name="env.asl.log" value="Destination=file" />
    <property name="env.TEMP" value="C:\Users\XiaoCase\AppData\Local\Temp" />
    <property name="sun.arch.data.model" value="64" />
    <property name="java.endorsed.dirs" value="D:\createworld\Java\jre\lib\endorsed" />
    <property name="env._JAVACMD" value="D:\createworld\Java\bin\java.exe" />
    <property name="sun.cpu.isalist" value="amd64" />
    <property name="env.HOMEDRIVE" value="C:" />
    <property name="sun.jnu.encoding" value="GBK" />
    <property name="file.encoding.pkg" value="sun.io" />
    <property name="ECLIPSE_HOME" value="../../../eclipse/eclipse/" />
    <property name="file.separator" value="\" />
    <property name="java.specification.name" value="Java Platform API Specification" />
    <property name="java.class.version" value="52.0" />
    <property name="user.country" value="CN" />
    <property name="java.home" value="D:\createworld\Java\jre" />
    <property name="env.PSModulePath" value="C:\WINDOWS\system32\WindowsPowerShell\v1.0\Modules\" />
    <property name="env.APPDATA" value="C:\Users\XiaoCase\AppData\Roaming" />
    <property name="env.PUBLIC" value="C:\Users\Public" />
    <property name="env.windows_tracing_logfile" value="C:\BVTBin\Tests\installpackage\csilogfile.log" />
    <property name="java.vm.info" value="mixed mode" />
    <property name="env.ComSpec" value="C:\WINDOWS\system32\cmd.exe" />
    <property name="env.OS" value="Windows_NT" />
    <property name="env.CommonProgramFiles" value="C:\Program Files\Common Files" />
    <property name="ant.file" value="D:\createworld\workspace\csye7215\SunWB.1\build.xml" />
    <property name="os.version" value="10.0" />
    <property name="env.ProgramW6432" value="C:\Program Files" />
    <property name="env._USE_CLASSPATH" value="no" />
    <property name="env.=::" value="::\" />
    <property name="path.separator" value=";" />
    <property name="ant.file.SunWB.1" value="D:\createworld\workspace\csye7215\SunWB.1\build.xml" />
    <property name="java.vm.version" value="25.101-b13" />
    <property name="env.USERPROFILE" value="C:\Users\XiaoCase" />
    <property name="user.variant" value="" />
    <property name="ant.library.dir" value="D:\createworld\apache-ant-1.10.1\lib" />
    <property name="junit.output.dir" value="junit" />
    <property name="env.JAVA_HOME" value="D:\createworld\Java" />
    <property name="java.awt.printerjob" value="sun.awt.windows.WPrinterJob" />
    <property name="env.TMP" value="C:\Users\XiaoCase\AppData\Local\Temp" />
    <property name="env.FPS_BROWSER_USER_PROFILE_STRING" value="Default" />
    <property name="sun.io.unicode.encoding" value="UnicodeLittle" />
    <property name="awt.toolkit" value="sun.awt.windows.WToolkit" />
    <property name="sun.stdout.encoding" value="ms936" />
    <property name="user.script" value="" />
    <property name="user.home" value="C:\Users\XiaoCase" />
    <property name="target" value="1.8" />
    <property name="env.ProgramData" value="C:\ProgramData" />
    <property name="env.ProgramFiles(x86)" value="C:\Program Files (x86)" />
    <property name="env.SESSIONNAME" value="Console" />
    <property name="java.specification.vendor" value="Oracle Corporation" />
    <property name="java.library.path" value="D:\createworld\Java\jre\bin;C:\WINDOWS\Sun\Java\bin;C:\WINDOWS\system32;C:\WINDOWS;C:\Windows\system32;C:\Windows;C:\Windows\System32\Wbem;C:\Windows\System32\WindowsPowerShell\v1.0\;C:\Program Files (x86)\NVIDIA Corporation\PhysX\Common;C:\WINDOWS\system32;C:\WINDOWS;C:\WINDOWS\System32\Wbem;C:\WINDOWS\System32\WindowsPowerShell\v1.0\;D:\createworld\Java\bin;D:\createworld\sbt\bin;D:\createworld\scala2.11.8\bin;D:\createworld\scala\bin;D:\createworld\apache-ant-1.10.1\bin;C:\Users\XiaoCase\AppData\Local\Microsoft\WindowsApps;;." />
    <property name="env.NUMBER_OF_PROCESSORS" value="4" />
    <property name="java.vendor.url" value="http://java.oracle.com/" />
    <property name="java.vm.vendor" value="Oracle Corporation" />
    <property name="java.runtime.name" value="Java(TM) SE Runtime Environment" />
    <property name="ant.version" value="Apache Ant(TM) version 1.10.1 compiled on February 2 2017" />
    <property name="java.class.path" value="D:\createworld\workspace\csye7215\SunWB.1\bin;C:\Users\XiaoCase\.p2\pool\plugins\org.junit_4.12.0.v201504281640\junit.jar;C:\Users\XiaoCase\.p2\pool\plugins\org.hamcrest.core_1.3.0.v201303031735.jar;D:\createworld\apache-ant-1.10.1\lib\ant-launcher.jar;D:\createworld\apache-ant-1.10.1\lib\ant.jar;D:\createworld\apache-ant-1.10.1\lib\ant-junit.jar;D:\createworld\apache-ant-1.10.1\lib\ant-junit4.jar" />
    <property name="sun.java.command" value="org.apache.tools.ant.taskdefs.optional.junit.JUnitTestRunner sunweb.B.Test2 skipNonTests=false filtertrace=true haltOnError=false haltOnFailure=false formatter=org.apache.tools.ant.taskdefs.optional.junit.OutErrSummaryJUnitResultFormatter showoutput=false outputtoformatters=true logfailedtests=true threadid=0 logtestlistenerevents=false formatter=org.apache.tools.ant.taskdefs.optional.junit.XMLJUnitResultFormatter,D:\createworld\workspace\csye7215\SunWB.1\junit\TEST-sunweb.B.Test2.xml crashfile=D:\createworld\workspace\csye7215\SunWB.1\junitvmwatcher5185536284035176338.properties propsfile=D:\createworld\workspace\csye7215\SunWB.1\junit55333474571571990.properties" />
    <property name="java.vm.specification.name" value="Java Virtual Machine Specification" />
    <property name="ant.file.type" value="file" />
    <property name="env.windir" value="C:\WINDOWS" />
    <property name="env.LOGONSERVER" value="\\XIAOCASELAND" />
    <property name="env.PROCESSOR_ARCHITECTURE" value="AMD64" />
    <property name="java.vm.specification.version" value="1.8" />
    <property name="sun.os.patch.level" value="" />
    <property name="sun.cpu.endian" value="little" />
    <property name="debuglevel" value="source,lines,vars" />
    <property name="env.OneDrive" value="C:\Users\XiaoCase\OneDrive" />
    <property name="env.ANT_HOME" value="D:\createworld\apache-ant-1.10.1\bin\.." />
    <property name="env.ProgramFiles" value="C:\Program Files" />
    <property name="java.io.tmpdir" value="C:\Users\XiaoCase\AppData\Local\Temp\" />
    <property name="env.PROCESSOR_REVISION" value="3a09" />
    <property name="env.CommonProgramFiles(x86)" value="C:\Program Files (x86)\Common Files" />
    <property name="java.vendor.url.bug" value="http://bugreport.sun.com/bugreport/" />
    <property name="env.SystemRoot" value="C:\WINDOWS" />
    <property name="env.FPS_BROWSER_APP_PROFILE_STRING" value="Internet Explorer" />
    <property name="os.arch" value="amd64" />
    <property name="env.ANT_CMD_LINE_ARGS" value=" Test2" />
    <property name="java.awt.graphicsenv" value="sun.awt.Win32GraphicsEnvironment" />
    <property name="env.=D:" value="D:\createworld\workspace\csye7215\SunWB.1" />
    <property name="java.ext.dirs" value="D:\createworld\Java\jre\lib\ext;C:\WINDOWS\Sun\Java\lib\ext" />
    <property name="env.LOCALAPPDATA" value="C:\Users\XiaoCase\AppData\Local" />
    <property name="user.dir" value="D:\createworld\workspace\csye7215\SunWB.1" />
    <property name="line.separator" value="&#xd;&#xa;" />
    <property name="java.vm.name" value="Java HotSpot(TM) 64-Bit Server VM" />
    <property name="env.PATHEXT" value=".COM;.EXE;.BAT;.CMD;.VBS;.VBE;.JS;.JSE;.WSF;.WSH;.MSC" />
    <property name="env.Path" value="C:\Windows\system32;C:\Windows;C:\Windows\System32\Wbem;C:\Windows\System32\WindowsPowerShell\v1.0\;C:\Program Files (x86)\NVIDIA Corporation\PhysX\Common;C:\WINDOWS\system32;C:\WINDOWS;C:\WINDOWS\System32\Wbem;C:\WINDOWS\System32\WindowsPowerShell\v1.0\;D:\createworld\Java\bin;D:\createworld\sbt\bin;D:\createworld\scala2.11.8\bin;D:\createworld\scala\bin;D:\createworld\apache-ant-1.10.1\bin;C:\Users\XiaoCase\AppData\Local\Microsoft\WindowsApps;" />
    <property name="basedir" value="D:\createworld\workspace\csye7215\SunWB.1" />
    <property name="ant.java.version" value="1.8" />
    <property name="ant.core.lib" value="D:\createworld\apache-ant-1.10.1\lib\ant.jar" />
    <property name="env.USERNAME" value="XiaoCase" />
    <property name="source" value="1.8" />
    <property name="env.SystemDrive" value="C:" />
    <property name="file.encoding" value="GBK" />
    <property name="sun.stderr.encoding" value="ms936" />
    <property name="env.USERDOMAIN" value="XiaoCaseLand" />
    <property name="java.specification.version" value="1.8" />
    <property name="env.=C:" value="C:\Users\XiaoCase" />
    <property name="ant.project.invoked-targets" value="Test2" />
    <property name="env.PROCESSOR_LEVEL" value="6" />
  </properties>
  <testcase classname="sunweb.B.Test2" name="testAll" time="1.316" />
  <system-out><![CDATA[There is 4 threads
Even: 82 70 16 -88 -28 -62 6 -18 -92 -68 -54 -98 -82 -32 -26 82 -70 -38 96 -80 -34 66 58 -48 -56 70 -98 22 56 -64 -80 48 88 42 -42 -84 72 80 36 72 88 -26 16 8 -96 66 -90 -70 -72 -22 32 54 92 -44 34 12 -94 46 86 -30 -76 82 44 -34 -92 60 78 -6 -14 62 -74 -88 -92 0 -86 -18 -32 -90 26 28 64 32 -48 46 40 -44 74 94 -56 46 64 86 32 20 12 -24 -86 74 -80 40 -50 94 -78 -44 60 -92 -98 -70 -14 -18 -96 4 -52 -2 58 -24 82 -10 -42 -62 72 -82 96 46 -66 10 -42 -24 56 -56 -88 96 48 -12 34 30 -50  
Odd: 69 -29 65 91 69 -95 43 -93 -75 -61 -61 -29 43 -35 99 9 -25 -71 43 29 -71 65 39 -5 -19 -59 -31 -97 21 -99 5 23 -17 15 59 97 -49 61 91 19 -37 17 87 95 27 -25 77 -29 47 -89 -35 35 -41 45 15 -67 -89 15 -35 55 -73 15 -13 57 -61 63 35 25 -55 -53 59 -49 -63 29 9 15 -89 -65 -45 33 -57 -61 91 49 -3 -79 85 95 79 77 -73 87 71 59 -75 9 -37 -19 81 -7 93 33 -67 -23 -87 -21 -85 -47 -41 57 -21 47 41 -39 23 75 -89 77 41 -75 9 47 29 37 53 15 -87 39 43 -5 -41 55 -93 9 51 -87 -75 11  
Order: -81 -71 -24 -11 28 95 97 99  
Jack: -9 -51 57 68 -36 44 52 -41 92 -13 92 -81 52 -30 80 -69 -94 -49 23 -4 -44 -18  
Jack Task success! The sum equal to 21
 
]]></system-out>
  <system-err><![CDATA[]]></system-err>
</testsuite>
